[INCOMPLETE] chunk_id=063e02ff-2e42-4692-be59-cd22627ffced topic=JSON and binary-JSON encoder/decoder for MATLAB/Octave
[INCOMPLETE] chunk_id=4ccb6958-225d-4a0d-9989-6baec03426c0 topic=JSONLab toolbox function and script list
[INCOMPLETE] chunk_id=c505bdfb-74c6-40a8-9376-201c2dfba543 topic=JSONLab: compact, portable, robust JSON/binary-JSON encoder/decoder for MATLAB/Octave
[INCOMPLETE] chunk_id=82b288cb-f7da-4941-ae2e-afcc5bf8b1dd topic=JSONLab installation, function reference, and NeuroJSON project overview
[INCOMPLETE] chunk_id=8df9ee08-367f-453e-84c3-95dcce1cb14c topic=JSONLab v2.9.8 feature enhancements and specification updates
[INCOMPLETE] chunk_id=72b86b0c-586c-48a0-b45a-72dc77130d48 topic=JSONLab toolbox release updates and feature additions
[INCOMPLETE] chunk_id=2a30f892-a5b5-44c6-9079-e2095f3b27bb topic=JSONLab changelog: JSONPath support, data caching, and bug fixes
[INCOMPLETE] chunk_id=51baaaf0-5c8e-45fe-93f6-8c699a9c4dfe topic=Software Update and Bug Fix History
[INCOMPLETE] chunk_id=cc9de7b9-b2ce-47bb-b797-62a5cf724323 topic=JSONLab toolbox updates and bug fixes
[INCOMPLETE] chunk_id=2a402f33-33b1-4b5b-ad74-74949f4df8e7 topic=JSONLab version history and bug fixes
[INCOMPLETE] chunk_id=b2038a83-bc60-470c-8627-b11ff8a10df9 topic=JSONLab library updates and feature releases
[INCOMPLETE] chunk_id=745cfff0-786b-4131-b8c2-5600407445bc topic=JSONLab and BJData updates and performance optimizations
[INCOMPLETE] chunk_id=395d5b74-a2dc-4f1b-a7bf-b74f0124c6a9 topic=JSONLab version history and BJData/JData specification compliance
[INCOMPLETE] chunk_id=abc3fee9-6307-438a-9746-a61135d1b105 topic=JSONLab BJData and UBJSON Processing
[INCOMPLETE] chunk_id=d87fdab0-4a2c-456a-b62e-f8821e44ee27 topic=JSON, UBJSON, and MessagePack data formats for scientific data exchange
[INCOMPLETE] chunk_id=cd4b04d3-9bf8-4061-b224-58c1c597736e topic=JSONLab Installation and JData Specification
[INCOMPLETE] chunk_id=91346fcf-59dc-4f54-b551-cd5168393ec7 topic=Installation and path configuration of JSONLab and ZMat for MATLAB/Octave
[INCOMPLETE] chunk_id=d939206d-b23e-440e-a522-8eb30451bdd6 topic=JSONLab installation and data encoding/decoding functions
[INCOMPLETE] chunk_id=7931c6ec-904a-4368-b793-79855e165ad3 topic=Data encoding and file serialization for JSON, BJData, and HDF5
[INCOMPLETE] chunk_id=1adf209c-2881-4ab0-8da6-1ec4c95114a1 topic=Converting MATLAB data structures to JSON using savejson
[INCOMPLETE] chunk_id=04834b79-4219-4cd5-bf0a-d416b899cb95 topic=JSON encoding and decoding with savejson and loadjson
[INCOMPLETE] chunk_id=037d71c5-a61d-4472-ab16-1fec3e48bbd8 topic=JSON and Binary-JSON encoding/decoding
[INCOMPLETE] chunk_id=29e05924-f9cb-4692-b34b-0f47948d7ea3 topic=JSONLab file list
[INCOMPLETE] chunk_id=16e78b3c-c163-4d47-805f-9ea10d30cc15 topic=JSONLab Library Overview and Installation
[INCOMPLETE] chunk_id=ce1173cb-699a-4d15-8d85-dec014ab204a topic=JSONLab Library Overview and Installation
[INCOMPLETE] chunk_id=6cd25e2a-a03e-4234-b234-cbe78c044435 topic=JSONLab v2.9.8 feature overview
[INCOMPLETE] chunk_id=9427ee60-5944-4fe5-8149-5831399a95e0 topic=JSONLab v2.0+ Updates and Features
[INCOMPLETE] chunk_id=08e4f54e-5b28-42e2-8773-22269a8df4a4 topic=JSONLab Library Updates and Bug Fixes
[INCOMPLETE] chunk_id=c539a695-a304-48fe-8425-9b1ca725ea5d topic=JSONLab version history and maintenance
[INCOMPLETE] chunk_id=f0509f25-1bfd-48ea-bb0f-225df4afd227 topic=JSONLab Library Changelog
[INCOMPLETE] chunk_id=1aa7d65b-7bac-40c5-beb4-e9d5da81694f topic=JSONLab Change Log and Bug Fixes
[INCOMPLETE] chunk_id=65b4abff-d3d6-40e6-a8c4-013ef3e6fd33 topic=JSONLab Update Logs
[INCOMPLETE] chunk_id=c3af3f25-a6b4-4b3a-a532-7ad170bb91e0 topic=JSONLab Library Updates and Bug Fixes
[INCOMPLETE] chunk_id=007cc256-54cf-49b1-baf1-7edb1d649a61 topic=JSONLab Version Compatibility and BJData Specification
[INCOMPLETE] chunk_id=2ff2a9f9-4c1a-43c1-9bdd-dd366da00d53 topic=JSONLab BJData format compatibility and migration
[INCOMPLETE] chunk_id=0d8a8bdb-f5b0-411a-8bcd-21a817f98d99 topic=JSON and Binary JSON Data Handling
[INCOMPLETE] chunk_id=d7c8b060-86c4-408d-9bde-f29dbcd3fe73 topic=Installation and Configuration of JSONLab
[INCOMPLETE] chunk_id=f0d9d5b5-5827-4a3a-8e00-ee3d91a87b6f topic=JSONLab Installation and Usage
[INCOMPLETE] chunk_id=9a2a4227-f4b2-4dd1-b329-724fbfbdaafc topic=Data Serialization with JSONLab
[INCOMPLETE] chunk_id=87076b75-3e1d-400d-9378-00900b393eed topic=JSON serialization using JSONLab
[INCOMPLETE] chunk_id=a95a7021-4dcc-48b7-9941-620a00b6c63e topic=JSON Serialization and Deserialization with JsonLab
[INCOMPLETE] chunk_id=5c7b1576-75ae-4239-96c0-378445b61754 topic=JSON Data Loading
[INCOMPLETE] chunk_id=6e2cdff9-f71a-402f-aad8-5661cb8f5378 topic=JSON and Binary JSON operations with JSONLab
[INCOMPLETE] chunk_id=8eeb39c9-00f9-4a28-a68b-0b8b25d9c1d3 topic=Binary JSON (BJData/UBJSON) serialization and deserialization
[INCOMPLETE] chunk_id=8c71873c-0614-423f-acd1-90f68703fe28 topic=JData encoding and decoding
[INCOMPLETE] chunk_id=8b569151-4a05-4e87-a870-06cc3c123ae4 topic=JSON and JData file I/O operations
[INCOMPLETE] chunk_id=20f20594-ecf5-4f1d-a46a-55ebce8c7344 topic=Efficient JSON Data Access and Modification using JSONLab
[INCOMPLETE] chunk_id=d23ca2a4-a908-4027-97a7-dfedff9b8590 topic=JSON manipulation using jsonset and jsonpath
[INCOMPLETE] chunk_id=1a94c92c-94bc-4954-90e4-03f5d8513af3 topic=JSONPath and JSON caching
[INCOMPLETE] chunk_id=f5e2480d-989d-4303-9fb5-2a1be81a50f4 topic=NeuroJSON local file caching mechanism
[INCOMPLETE] chunk_id=a3bfef20-7ae3-461a-9f63-eb0bf42b92eb topic=Data caching and dynamic loading via NeuroJSON
[INCOMPLETE] chunk_id=db2df8f2-7035-4989-848b-5a5389e709f4 topic=JSONLab Data Loading and Testing
[INCOMPLETE] chunk_id=310f2cad-fd63-4160-8b2f-d09265fcd03d topic=Unit testing and in-memory data compression
[INCOMPLETE] chunk_id=06614451-301a-4722-bc75-5cd24f21d927 topic=Data compression and workspace serialization using JSONLab
[INCOMPLETE] chunk_id=6b47fc94-38b9-41a8-9033-7a128f758240 topic=JSONLab .pmat file format usage
[INCOMPLETE] chunk_id=ffe9e781-8b3a-4123-b8ad-f8f7bc8223e7 topic=Interoperability between JSONLab and Python
[INCOMPLETE] chunk_id=fdcc5b34-c8b0-41e3-97b7-a22018e523ba topic=JData module installation and data loading in Python
[INCOMPLETE] chunk_id=48257823-4d9a-4255-8918-af5620870322 topic=JData file I/O and known limitations
[INCOMPLETE] chunk_id=e9f53bef-7a0a-4103-b5a4-b2074701bee6 topic=JSONLab Contribution and UBJSON compatibility
[INCOMPLETE] chunk_id=c94e8eb2-ff88-443e-8276-a6959319c069 topic=Data encoding and compression utilities
[INCOMPLETE] chunk_id=44456ac6-5e2b-4885-9c90-13c1699f8b02 topic=Byte Encoding Utilities
[INCOMPLETE] chunk_id=6b4fb5a7-8fc2-4c74-9977-e212f9978152 topic=JSON and Binary Data Serialization
[INCOMPLETE] chunk_id=19397088-93c3-4ce8-a969-435c04311557 topic=DWSIM Overview and Project Information
[INCOMPLETE] chunk_id=2abddb6c-110e-4d8b-bdba-c09a85e588e7 topic=General applications
[INCOMPLETE] chunk_id=2346806e-03de-4df4-a88c-d3838204ac77 topic=Open Optimal Control Library (OpenOCL) Overview
[INCOMPLETE] chunk_id=ae3809b5-0333-4481-99e3-7b11274e844b topic=Optimal Control and Trajectory Optimization
[INCOMPLETE] chunk_id=707e0f93-6167-4264-870c-6ac44e322fd1 topic=repository_metadata
[FETCH_ERROR] url=https://dwsim.org/wiki/index.php?title=IronPython_Script_Snippets reason=[Errno 22] Invalid argument: 'data/track_a/cache/https__dwsim.org_wiki_index.php?title=IronPython_Script_Snippets.txt'
